<?xml version="1.0" encoding="UTF-8" standalone="no"?>
<testsuite errors="0" failures="0" name="io.cucumber.core.plugin.JUnitFormatter" skipped="0" tests="2" time="0.22">
    <testcase classname="Check home page functionality" name="Check logout link" time="0.076">
        <system-out>
            <![CDATA[Given The user is logged in.................................................passed
When The user enters username and password..................................passed
And The user click on login button..........................................passed
Then The user is navigated to home page.....................................passed
When The user click on welcome link.........................................passed
Then The logout link is displayed...........................................passed
]]>
        </system-out>
    </testcase>
    <testcase classname="Check home page functionality" name="Verify quick launch toolbar is present" time="0.004">
        <system-out>
            <![CDATA[Given The user is logged in.................................................passed
When The user enters username and password..................................passed
And The user click on login button..........................................passed
Then The user is navigated to home page.....................................passed
When The user clicks on dashboard link......................................passed
Then The quick launch toolbar is displayed..................................passed
]]>
        </system-out>
    </testcase>
</testsuite>
